<?xml version="1.0" encoding="UTF-8"?>
<!-- Generated by org.testng.reporters.JUnitReportReporter -->
<testsuite hostname="ZLBLR027LT" name="com.pack.common.test.Alteruser" tests="1" failures="0" timestamp="5 Feb 2018 11:47:00 GMT" time="12.606" errors="0">
  <testcase name="alter" time="12.606" classname="com.pack.common.test.Alteruser"/>
</testsuite> <!-- com.pack.common.test.Alteruser -->
