<?xml version="1.0" encoding="UTF-8"?>
<!-- Generated by org.testng.reporters.JUnitReportReporter -->
<testsuite hostname="ZLBLR027LT" name="com.pack.common.test.Deleteuser" tests="1" failures="0" timestamp="5 Feb 2018 11:47:00 GMT" time="13.535" errors="0">
  <testcase name="delete" time="13.535" classname="com.pack.common.test.Deleteuser"/>
</testsuite> <!-- com.pack.common.test.Deleteuser -->
