<?xml version="1.0" encoding="UTF-8"?>
<!-- Generated by org.testng.reporters.JUnitReportReporter -->
<testsuite hostname="ZLBLR027LT" name="com.pack.common.test.VerifyPageAcess" tests="1" failures="0" timestamp="5 Feb 2018 11:47:00 GMT" time="13.852" errors="0">
  <testcase name="ComputersCount" time="13.852" classname="com.pack.common.test.VerifyPageAcess"/>
</testsuite> <!-- com.pack.common.test.VerifyPageAcess -->
