<?xml version="1.0" encoding="UTF-8"?>
<!-- Generated by org.testng.reporters.JUnitReportReporter -->
<testsuite hostname="ZLBLR027LT" name="com.pack.common.test.Deleteuser" tests="1" failures="0" timestamp="3 Feb 2018 09:48:39 GMT" time="9.654" errors="0">
  <testcase name="delete" time="9.654" classname="com.pack.common.test.Deleteuser"/>
</testsuite> <!-- com.pack.common.test.Deleteuser -->
