<?xml version="1.0" encoding="UTF-8"?>
<!-- Generated by org.testng.reporters.JUnitReportReporter -->
<testsuite hostname="ZLBLR027LT" name="com.pack.common.test.VerifyPageAcess" tests="1" failures="0" timestamp="3 Feb 2018 09:48:39 GMT" time="8.937" errors="0">
  <testcase name="ComputersCount" time="8.937" classname="com.pack.common.test.VerifyPageAcess"/>
</testsuite> <!-- com.pack.common.test.VerifyPageAcess -->
